TN:
SF:src/ejercicio-funko/funko.ts
FN:61,<instance_members_initializer>
FN:85,Funko
FN:102,getID
FN:107,getName
FN:112,getDesc
FN:117,getTipo
FN:122,getGen
FN:127,getFran
FN:132,getNum
FN:137,getExc
FN:142,getEsp
FN:147,getVal
FNF:12
FNH:12
FNDA:11,<instance_members_initializer>
FNDA:11,Funko
FNDA:24,getID
FNDA:12,getName
FNDA:2,getDesc
FNDA:2,getTipo
FNDA:2,getGen
FNDA:2,getFran
FNDA:2,getNum
FNDA:2,getExc
FNDA:2,getEsp
FNDA:2,getVal
DA:1,1
DA:2,1
DA:3,1
DA:4,1
DA:5,1
DA:6,1
DA:7,1
DA:8,1
DA:9,1
DA:10,1
DA:11,1
DA:12,1
DA:13,1
DA:14,1
DA:15,1
DA:16,1
DA:17,1
DA:18,1
DA:19,1
DA:20,1
DA:21,1
DA:22,1
DA:23,1
DA:24,1
DA:25,1
DA:26,1
DA:27,1
DA:28,1
DA:29,1
DA:30,1
DA:31,1
DA:32,1
DA:33,1
DA:34,1
DA:35,1
DA:36,1
DA:37,1
DA:38,1
DA:39,1
DA:40,1
DA:41,1
DA:42,1
DA:43,1
DA:44,1
DA:45,1
DA:46,1
DA:47,1
DA:48,1
DA:49,1
DA:50,1
DA:51,1
DA:52,1
DA:53,1
DA:54,1
DA:55,1
DA:56,1
DA:57,1
DA:58,1
DA:59,1
DA:60,1
DA:61,1
DA:62,11
DA:63,11
DA:64,11
DA:65,11
DA:66,11
DA:67,11
DA:68,11
DA:69,11
DA:70,11
DA:71,11
DA:72,11
DA:73,11
DA:74,11
DA:75,11
DA:76,11
DA:77,11
DA:78,11
DA:79,11
DA:80,11
DA:81,11
DA:82,11
DA:83,11
DA:84,11
DA:85,11
DA:86,11
DA:87,11
DA:88,11
DA:89,11
DA:90,11
DA:91,11
DA:92,11
DA:93,11
DA:94,11
DA:95,11
DA:96,11
DA:97,11
DA:98,11
DA:99,11
DA:100,11
DA:101,11
DA:102,11
DA:103,11
DA:104,11
DA:105,11
DA:106,11
DA:107,11
DA:108,11
DA:109,11
DA:110,11
DA:111,11
DA:112,11
DA:113,11
DA:114,11
DA:115,11
DA:116,11
DA:117,11
DA:118,11
DA:119,11
DA:120,11
DA:121,11
DA:122,11
DA:123,11
DA:124,11
DA:125,11
DA:126,11
DA:127,11
DA:128,11
DA:129,11
DA:130,11
DA:131,11
DA:132,11
DA:133,11
DA:134,11
DA:135,11
DA:136,11
DA:137,11
DA:138,11
DA:139,11
DA:140,11
DA:141,11
DA:142,11
DA:143,11
DA:144,11
DA:145,11
DA:146,11
DA:147,11
DA:148,11
DA:149,11
LF:149
LH:149
BRDA:1,0,0,1
BRDA:9,1,0,1
BRDA:61,2,0,11
BRDA:85,3,0,11
BRDA:102,4,0,24
BRDA:107,5,0,12
BRDA:112,6,0,2
BRDA:117,7,0,2
BRDA:122,8,0,2
BRDA:127,9,0,2
BRDA:132,10,0,2
BRDA:137,11,0,2
BRDA:142,12,0,2
BRDA:147,13,0,2
BRF:14
BRH:14
end_of_record
TN:
SF:src/ejercicio-funko/usuario.ts
FN:7,<instance_members_initializer>
FN:16,FunkoUserStorage
FN:31,funkoUpload
FN:53,funkoSave
FN:63,funkoDelete
FN:73,funkoColor
FN:92,getFunko
FN:100,addFunko
FN:120,updateFunko
FN:148,removeFunko
FN:168,listFunko
FN:180,showFunko
FN:204,getMap
FNF:13
FNH:9
FNDA:2,<instance_members_initializer>
FNDA:2,FunkoUserStorage
FNDA:2,funkoUpload
FNDA:4,funkoSave
FNDA:4,funkoDelete
FNDA:0,funkoColor
FNDA:8,getFunko
FNDA:5,addFunko
FNDA:3,updateFunko
FNDA:2,removeFunko
FNDA:0,listFunko
FNDA:0,showFunko
FNDA:0,getMap
DA:1,1
DA:2,1
DA:3,1
DA:4,1
DA:5,1
DA:6,1
DA:7,1
DA:8,2
DA:9,2
DA:10,2
DA:11,2
DA:12,2
DA:13,2
DA:14,2
DA:15,2
DA:16,2
DA:17,2
DA:18,2
DA:19,2
DA:20,0
DA:21,0
DA:22,2
DA:23,2
DA:24,2
DA:25,2
DA:26,2
DA:27,2
DA:28,2
DA:29,2
DA:30,2
DA:31,2
DA:32,2
DA:33,2
DA:34,2
DA:35,0
DA:36,0
DA:37,2
DA:38,2
DA:39,2
DA:40,2
DA:41,2
DA:42,2
DA:43,2
DA:44,2
DA:45,2
DA:46,2
DA:47,2
DA:48,2
DA:49,2
DA:50,2
DA:51,2
DA:52,2
DA:53,2
DA:54,4
DA:55,4
DA:56,4
DA:57,4
DA:58,2
DA:59,2
DA:60,2
DA:61,2
DA:62,2
DA:63,2
DA:64,4
DA:65,4
DA:66,4
DA:67,2
DA:68,2
DA:69,2
DA:70,2
DA:71,2
DA:72,2
DA:73,2
DA:74,0
DA:75,0
DA:76,0
DA:77,0
DA:78,0
DA:79,0
DA:80,0
DA:81,0
DA:82,0
DA:83,0
DA:84,0
DA:85,0
DA:86,2
DA:87,2
DA:88,2
DA:89,2
DA:90,2
DA:91,2
DA:92,2
DA:93,8
DA:94,8
DA:95,2
DA:96,2
DA:97,2
DA:98,2
DA:99,2
DA:100,2
DA:101,5
DA:102,3
DA:103,3
DA:104,3
DA:105,3
DA:106,5
DA:107,2
DA:108,2
DA:109,2
DA:110,2
DA:111,2
DA:112,2
DA:113,2
DA:114,5
DA:115,2
DA:116,2
DA:117,2
DA:118,2
DA:119,2
DA:120,2
DA:121,3
DA:122,3
DA:123,3
DA:124,3
DA:125,1
DA:126,1
DA:127,1
DA:128,1
DA:129,3
DA:130,2
DA:131,2
DA:132,2
DA:133,2
DA:134,2
DA:135,2
DA:136,2
DA:137,2
DA:138,2
DA:139,2
DA:140,2
DA:141,2
DA:142,3
DA:143,2
DA:144,2
DA:145,2
DA:146,2
DA:147,2
DA:148,2
DA:149,2
DA:150,2
DA:151,2
DA:152,2
DA:153,2
DA:154,2
DA:155,2
DA:156,2
DA:157,2
DA:158,0
DA:159,0
DA:160,0
DA:161,0
DA:162,0
DA:163,2
DA:164,2
DA:165,2
DA:166,2
DA:167,2
DA:168,2
DA:169,0
DA:170,0
DA:171,0
DA:172,0
DA:173,0
DA:174,0
DA:175,2
DA:176,2
DA:177,2
DA:178,2
DA:179,2
DA:180,2
DA:181,0
DA:182,0
DA:183,0
DA:184,0
DA:185,0
DA:186,0
DA:187,0
DA:188,0
DA:189,0
DA:190,0
DA:191,0
DA:192,0
DA:193,0
DA:194,0
DA:195,0
DA:196,0
DA:197,0
DA:198,0
DA:199,0
DA:200,0
DA:201,0
DA:202,0
DA:203,0
DA:204,2
DA:205,2
LF:205
LH:155
BRDA:7,0,0,2
BRDA:16,1,0,2
BRDA:19,2,0,0
BRDA:31,3,0,2
BRDA:34,4,0,0
BRDA:39,5,0,2
BRDA:53,6,0,4
BRDA:63,7,0,4
BRDA:92,8,0,8
BRDA:100,9,0,5
BRDA:101,10,0,3
BRDA:106,11,0,2
BRDA:120,12,0,3
BRDA:123,13,0,2
BRDA:124,14,0,1
BRDA:129,15,0,2
BRDA:148,16,0,2
BRDA:157,17,0,0
BRF:18
BRH:15
end_of_record
